{"D:\\Projects\\Andela\\Mybrand-BE\\src\\index.ts": {"path":"D:\\Projects\\Andela\\Mybrand-BE\\src\\index.ts","statementMap":{"0":{"start":{"line":1,"column":0},"end":{"line":1,"column":42}},"1":{"start":{"line":2,"column":0},"end":{"line":2,"column":30}},"2":{"start":{"line":3,"column":0},"end":{"line":3,"column":32}},"3":{"start":{"line":5,"column":0},"end":{"line":5,"column":37}},"4":{"start":{"line":6,"column":25},"end":{"line":6,"column":34}},"5":{"start":{"line":7,"column":4},"end":{"line":7,"column":31}},"6":{"start":{"line":8,"column":4},"end":{"line":8,"column":35}},"7":{"start":{"line":9,"column":4},"end":{"line":9,"column":54}},"8":{"start":{"line":10,"column":4},"end":{"line":10,"column":28}},"9":{"start":{"line":11,"column":4},"end":{"line":11,"column":28}},"10":{"start":{"line":21,"column":2},"end":{"line":21,"column":21}}},"fnMap":{},"branchMap":{},"s":{"0":1,"1":1,"2":1,"3":1,"4":1,"5":1,"6":1,"7":1,"8":1,"9":1,"10":1},"f":{},"b":{}}
,"D:\\Projects\\Andela\\Mybrand-BE\\src\\routes.ts": {"path":"D:\\Projects\\Andela\\Mybrand-BE\\src\\routes.ts","statementMap":{"0":{"start":{"line":1,"column":0},"end":{"line":1,"column":53}},"1":{"start":{"line":3,"column":0},"end":{"line":3,"column":53}},"2":{"start":{"line":4,"column":0},"end":{"line":4,"column":62}},"3":{"start":{"line":5,"column":0},"end":{"line":5,"column":68}},"4":{"start":{"line":6,"column":0},"end":{"line":6,"column":49}},"5":{"start":{"line":7,"column":0},"end":{"line":7,"column":37}},"6":{"start":{"line":9,"column":0},"end":{"line":9,"column":70}},"7":{"start":{"line":10,"column":15},"end":{"line":10,"column":31}},"8":{"start":{"line":12,"column":0},"end":{"line":12,"column":41}},"9":{"start":{"line":14,"column":0},"end":{"line":15,"column":46}},"10":{"start":{"line":17,"column":0},"end":{"line":17,"column":49}},"11":{"start":{"line":19,"column":0},"end":{"line":19,"column":95}},"12":{"start":{"line":21,"column":0},"end":{"line":21,"column":96}},"13":{"start":{"line":23,"column":0},"end":{"line":23,"column":60}},"14":{"start":{"line":25,"column":0},"end":{"line":25,"column":60}},"15":{"start":{"line":27,"column":0},"end":{"line":27,"column":66}},"16":{"start":{"line":29,"column":0},"end":{"line":29,"column":64}},"17":{"start":{"line":31,"column":0},"end":{"line":31,"column":66}},"18":{"start":{"line":33,"column":0},"end":{"line":33,"column":56}},"19":{"start":{"line":35,"column":0},"end":{"line":35,"column":56}},"20":{"start":{"line":37,"column":0},"end":{"line":37,"column":61}},"21":{"start":{"line":39,"column":0},"end":{"line":39,"column":55}},"22":{"start":{"line":41,"column":0},"end":{"line":41,"column":53}},"23":{"start":{"line":43,"column":0},"end":{"line":43,"column":59}},"24":{"start":{"line":47,"column":0},"end":{"line":47,"column":61}},"25":{"start":{"line":49,"column":0},"end":{"line":49,"column":32}},"26":{"start":{"line":51,"column":0},"end":{"line":51,"column":28}},"27":{"start":{"line":53,"column":0},"end":{"line":53,"column":84}},"28":{"start":{"line":59,"column":0},"end":{"line":59,"column":22}}},"fnMap":{},"branchMap":{},"s":{"0":1,"1":1,"2":1,"3":1,"4":1,"5":1,"6":1,"7":1,"8":1,"9":1,"10":1,"11":1,"12":1,"13":1,"14":1,"15":1,"16":1,"17":1,"18":1,"19":1,"20":1,"21":1,"22":1,"23":1,"24":1,"25":1,"26":1,"27":1,"28":1},"f":{},"b":{}}
,"D:\\Projects\\Andela\\Mybrand-BE\\src\\authentication\\login.ts": {"path":"D:\\Projects\\Andela\\Mybrand-BE\\src\\authentication\\login.ts","statementMap":{"0":{"start":{"line":1,"column":0},"end":{"line":1,"column":30}},"1":{"start":{"line":3,"column":0},"end":{"line":3,"column":36}},"2":{"start":{"line":8,"column":0},"end":{"line":8,"column":34}},"3":{"start":{"line":9,"column":0},"end":{"line":9,"column":53}},"4":{"start":{"line":49,"column":23},"end":{"line":69,"column":null}},"5":{"start":{"line":49,"column":58},"end":{"line":69,"column":null}},"6":{"start":{"line":50,"column":39},"end":{"line":50,"column":47}},"7":{"start":{"line":51,"column":23},"end":{"line":51,"column":56}},"8":{"start":{"line":52,"column":3},"end":{"line":55,"column":4}},"9":{"start":{"line":53,"column":16},"end":{"line":53,"column":41}},"10":{"start":{"line":54,"column":4},"end":{"line":54,"column":40}},"11":{"start":{"line":56,"column":17},"end":{"line":56,"column":50}},"12":{"start":{"line":57,"column":3},"end":{"line":57,"column":45}},"13":{"start":{"line":57,"column":13},"end":{"line":57,"column":45}},"14":{"start":{"line":59,"column":25},"end":{"line":59,"column":55}},"15":{"start":{"line":60,"column":18},"end":{"line":64,"column":6}},"16":{"start":{"line":65,"column":4},"end":{"line":68,"column":5}},"17":{"start":{"line":66,"column":4},"end":{"line":66,"column":25}},"18":{"start":{"line":67,"column":3},"end":{"line":67,"column":51}},"19":{"start":{"line":49,"column":13},"end":{"line":49,"column":23}},"20":{"start":{"line":70,"column":20},"end":{"line":95,"column":null}},"21":{"start":{"line":70,"column":73},"end":{"line":95,"column":null}},"22":{"start":{"line":71,"column":4},"end":{"line":94,"column":1}},"23":{"start":{"line":72,"column":29},"end":{"line":72,"column":37}},"24":{"start":{"line":74,"column":16},"end":{"line":74,"column":49}},"25":{"start":{"line":75,"column":20},"end":{"line":75,"column":34}},"26":{"start":{"line":76,"column":13},"end":{"line":76,"column":22}},"27":{"start":{"line":77,"column":4},"end":{"line":79,"column":5}},"28":{"start":{"line":78,"column":8},"end":{"line":78,"column":45}},"29":{"start":{"line":80,"column":25},"end":{"line":80,"column":49}},"30":{"start":{"line":81,"column":20},"end":{"line":81,"column":66}},"31":{"start":{"line":82,"column":4},"end":{"line":90,"column":5}},"32":{"start":{"line":83,"column":17},"end":{"line":83,"column":60}},"33":{"start":{"line":84,"column":8},"end":{"line":84,"column":55}},"34":{"start":{"line":85,"column":8},"end":{"line":85,"column":80}},"35":{"start":{"line":88,"column":8},"end":{"line":88,"column":55}},"36":{"start":{"line":89,"column":8},"end":{"line":89,"column":15}},"37":{"start":{"line":93,"column":4},"end":{"line":93,"column":20}},"38":{"start":{"line":70,"column":13},"end":{"line":70,"column":20}},"39":{"start":{"line":96,"column":26},"end":{"line":103,"column":null}},"40":{"start":{"line":96,"column":79},"end":{"line":103,"column":null}},"41":{"start":{"line":98,"column":18},"end":{"line":98,"column":39}},"42":{"start":{"line":99,"column":4},"end":{"line":102,"column":3}},"43":{"start":{"line":96,"column":13},"end":{"line":96,"column":26}}},"fnMap":{"0":{"name":"(anonymous_14)","decl":{"start":{"line":49,"column":23},"end":{"line":49,"column":29}},"loc":{"start":{"line":49,"column":58},"end":{"line":69,"column":null}}},"1":{"name":"(anonymous_15)","decl":{"start":{"line":49,"column":58},"end":{"line":49,"column":null}},"loc":{"start":{"line":49,"column":58},"end":{"line":69,"column":1}}},"2":{"name":"(anonymous_16)","decl":{"start":{"line":70,"column":20},"end":{"line":70,"column":26}},"loc":{"start":{"line":70,"column":73},"end":{"line":95,"column":null}}},"3":{"name":"(anonymous_17)","decl":{"start":{"line":70,"column":73},"end":{"line":70,"column":null}},"loc":{"start":{"line":70,"column":73},"end":{"line":95,"column":1}}},"4":{"name":"(anonymous_18)","decl":{"start":{"line":96,"column":26},"end":{"line":96,"column":32}},"loc":{"start":{"line":96,"column":79},"end":{"line":103,"column":null}}},"5":{"name":"(anonymous_19)","decl":{"start":{"line":96,"column":79},"end":{"line":96,"column":null}},"loc":{"start":{"line":96,"column":79},"end":{"line":103,"column":1}}}},"branchMap":{"0":{"loc":{"start":{"line":52,"column":3},"end":{"line":55,"column":4}},"type":"if","locations":[{"start":{"line":52,"column":3},"end":{"line":55,"column":4}}]},"1":{"loc":{"start":{"line":57,"column":3},"end":{"line":57,"column":45}},"type":"if","locations":[{"start":{"line":57,"column":3},"end":{"line":57,"column":45}}]},"2":{"loc":{"start":{"line":65,"column":4},"end":{"line":68,"column":5}},"type":"if","locations":[{"start":{"line":65,"column":4},"end":{"line":68,"column":5}}]},"3":{"loc":{"start":{"line":75,"column":20},"end":{"line":75,"column":34}},"type":"cond-expr","locations":[{"start":{"line":75,"column":24},"end":{"line":75,"column":26}},{"start":{"line":75,"column":20},"end":{"line":75,"column":34}}]},"4":{"loc":{"start":{"line":75,"column":20},"end":{"line":75,"column":26}},"type":"binary-expr","locations":[{"start":{"line":75,"column":20},"end":{"line":75,"column":26}},{"start":{"line":75,"column":20},"end":{"line":75,"column":26}}]},"5":{"loc":{"start":{"line":76,"column":13},"end":{"line":76,"column":22}},"type":"cond-expr","locations":[{"start":{"line":76,"column":17},"end":{"line":76,"column":19}},{"start":{"line":76,"column":13},"end":{"line":76,"column":22}}]},"6":{"loc":{"start":{"line":76,"column":13},"end":{"line":76,"column":19}},"type":"binary-expr","locations":[{"start":{"line":76,"column":13},"end":{"line":76,"column":19}},{"start":{"line":76,"column":13},"end":{"line":76,"column":19}}]},"7":{"loc":{"start":{"line":77,"column":4},"end":{"line":79,"column":5}},"type":"if","locations":[{"start":{"line":77,"column":4},"end":{"line":79,"column":5}}]},"8":{"loc":{"start":{"line":80,"column":25},"end":{"line":80,"column":49}},"type":"cond-expr","locations":[{"start":{"line":80,"column":29},"end":{"line":80,"column":31}},{"start":{"line":80,"column":25},"end":{"line":80,"column":49}}]},"9":{"loc":{"start":{"line":80,"column":25},"end":{"line":80,"column":31}},"type":"binary-expr","locations":[{"start":{"line":80,"column":25},"end":{"line":80,"column":31}},{"start":{"line":80,"column":25},"end":{"line":80,"column":31}}]},"10":{"loc":{"start":{"line":82,"column":4},"end":{"line":90,"column":5}},"type":"if","locations":[{"start":{"line":82,"column":4},"end":{"line":90,"column":5}},{"start":{"line":87,"column":8},"end":{"line":90,"column":5}}]}},"s":{"0":1,"1":1,"2":1,"3":1,"4":1,"5":1,"6":1,"7":1,"8":1,"9":1,"10":1,"11":1,"12":1,"13":0,"14":1,"15":1,"16":1,"17":0,"18":0,"19":1,"20":1,"21":3,"22":3,"23":3,"24":3,"25":3,"26":3,"27":3,"28":2,"29":1,"30":1,"31":1,"32":1,"33":1,"34":1,"35":0,"36":0,"37":2,"38":1,"39":1,"40":1,"41":1,"42":1,"43":1},"f":{"0":1,"1":1,"2":3,"3":3,"4":1,"5":1},"b":{"0":[1],"1":[0],"2":[0],"3":[2,1],"4":[3,1],"5":[2,1],"6":[3,1],"7":[2],"8":[0,1],"9":[1,1],"10":[1,0]}}
,"D:\\Projects\\Andela\\Mybrand-BE\\src\\authentication\\passport.ts": {"path":"D:\\Projects\\Andela\\Mybrand-BE\\src\\authentication\\passport.ts","statementMap":{"0":{"start":{"line":1,"column":0},"end":{"line":1,"column":32}},"1":{"start":{"line":2,"column":0},"end":{"line":2,"column":70}},"2":{"start":{"line":3,"column":0},"end":{"line":3,"column":45}},"3":{"start":{"line":5,"column":19},"end":{"line":5,"column":31}},"4":{"start":{"line":7,"column":16},"end":{"line":10,"column":2}},"5":{"start":{"line":12,"column":17},"end":{"line":25,"column":2}},"6":{"start":{"line":14,"column":2},"end":{"line":24,"column":7}},"7":{"start":{"line":16,"column":6},"end":{"line":20,"column":7}},"8":{"start":{"line":17,"column":8},"end":{"line":17,"column":35}},"9":{"start":{"line":19,"column":8},"end":{"line":19,"column":33}},"10":{"start":{"line":23,"column":6},"end":{"line":23,"column":22}},"11":{"start":{"line":27,"column":0},"end":{"line":27,"column":23}},"12":{"start":{"line":29,"column":0},"end":{"line":29,"column":24}}},"fnMap":{"0":{"name":"(anonymous_1)","decl":{"start":{"line":12,"column":39},"end":{"line":12,"column":40}},"loc":{"start":{"line":12,"column":57},"end":{"line":25,"column":1}}},"1":{"name":"(anonymous_2)","decl":{"start":{"line":15,"column":10},"end":{"line":15,"column":11}},"loc":{"start":{"line":15,"column":19},"end":{"line":21,"column":5}}},"2":{"name":"(anonymous_3)","decl":{"start":{"line":22,"column":11},"end":{"line":22,"column":12}},"loc":{"start":{"line":22,"column":19},"end":{"line":24,"column":5}}}},"branchMap":{"0":{"loc":{"start":{"line":16,"column":6},"end":{"line":20,"column":7}},"type":"if","locations":[{"start":{"line":16,"column":6},"end":{"line":20,"column":7}},{"start":{"line":18,"column":13},"end":{"line":20,"column":7}}]}},"s":{"0":1,"1":1,"2":1,"3":1,"4":1,"5":1,"6":7,"7":7,"8":7,"9":0,"10":0,"11":1,"12":1},"f":{"0":7,"1":7,"2":0},"b":{"0":[7,0]}}
,"D:\\Projects\\Andela\\Mybrand-BE\\src\\config\\multer.ts": {"path":"D:\\Projects\\Andela\\Mybrand-BE\\src\\config\\multer.ts","statementMap":{"0":{"start":{"line":1,"column":0},"end":{"line":1,"column":28}},"1":{"start":{"line":2,"column":15},"end":{"line":9,"column":2}},"2":{"start":{"line":7,"column":8},"end":{"line":7,"column":null}},"3":{"start":{"line":10,"column":18},"end":{"line":16,"column":1}},"4":{"start":{"line":11,"column":4},"end":{"line":15,"column":5}},"5":{"start":{"line":12,"column":8},"end":{"line":12,"column":null}},"6":{"start":{"line":14,"column":8},"end":{"line":14,"column":null}},"7":{"start":{"line":17,"column":14},"end":{"line":21,"column":2}},"8":{"start":{"line":22,"column":0},"end":{"line":22,"column":22}}},"fnMap":{"0":{"name":"(anonymous_1)","decl":{"start":{"line":6,"column":14},"end":{"line":6,"column":23}},"loc":{"start":{"line":6,"column":36},"end":{"line":8,"column":5}}},"1":{"name":"(anonymous_2)","decl":{"start":{"line":10,"column":18},"end":{"line":10,"column":19}},"loc":{"start":{"line":10,"column":45},"end":{"line":16,"column":1}}}},"branchMap":{"0":{"loc":{"start":{"line":11,"column":4},"end":{"line":15,"column":5}},"type":"if","locations":[{"start":{"line":11,"column":4},"end":{"line":15,"column":5}},{"start":{"line":13,"column":9},"end":{"line":15,"column":5}}]},"1":{"loc":{"start":{"line":11,"column":7},"end":{"line":11,"column":70}},"type":"binary-expr","locations":[{"start":{"line":11,"column":7},"end":{"line":11,"column":37}},{"start":{"line":11,"column":41},"end":{"line":11,"column":70}}]}},"s":{"0":1,"1":1,"2":0,"3":1,"4":0,"5":0,"6":0,"7":1,"8":1},"f":{"0":0,"1":0},"b":{"0":[0,0],"1":[0,0]}}
,"D:\\Projects\\Andela\\Mybrand-BE\\src\\controller\\controller.ts": {"path":"D:\\Projects\\Andela\\Mybrand-BE\\src\\controller\\controller.ts","statementMap":{"0":{"start":{"line":2,"column":0},"end":{"line":2,"column":34}},"1":{"start":{"line":3,"column":0},"end":{"line":3,"column":40}},"2":{"start":{"line":4,"column":0},"end":{"line":4,"column":45}},"3":{"start":{"line":6,"column":0},"end":{"line":6,"column":72}},"4":{"start":{"line":7,"column":0},"end":{"line":7,"column":35}},"5":{"start":{"line":9,"column":24},"end":{"line":16,"column":2}},"6":{"start":{"line":9,"column":62},"end":{"line":16,"column":2}},"7":{"start":{"line":10,"column":4},"end":{"line":15,"column":7}},"8":{"start":{"line":11,"column":22},"end":{"line":11,"column":39}},"9":{"start":{"line":12,"column":8},"end":{"line":12,"column":24}},"10":{"start":{"line":14,"column":8},"end":{"line":14,"column":56}},"11":{"start":{"line":9,"column":13},"end":{"line":9,"column":24}},"12":{"start":{"line":18,"column":26},"end":{"line":45,"column":2}},"13":{"start":{"line":18,"column":64},"end":{"line":45,"column":2}},"14":{"start":{"line":19,"column":4},"end":{"line":44,"column":7}},"15":{"start":{"line":20,"column":17},"end":{"line":20,"column":41}},"16":{"start":{"line":22,"column":21},"end":{"line":27,"column":10}},"17":{"start":{"line":28,"column":23},"end":{"line":32,"column":null}},"18":{"start":{"line":33,"column":24},"end":{"line":33,"column":48}},"19":{"start":{"line":34,"column":8},"end":{"line":37,"column":9}},"20":{"start":{"line":35,"column":10},"end":{"line":35,"column":54}},"21":{"start":{"line":36,"column":10},"end":{"line":36,"column":17}},"22":{"start":{"line":38,"column":8},"end":{"line":38,"column":26}},"23":{"start":{"line":39,"column":8},"end":{"line":39,"column":72}},"24":{"start":{"line":42,"column":8},"end":{"line":42,"column":59}},"25":{"start":{"line":43,"column":8},"end":{"line":43,"column":27}},"26":{"start":{"line":18,"column":13},"end":{"line":18,"column":26}},"27":{"start":{"line":47,"column":27},"end":{"line":60,"column":2}},"28":{"start":{"line":47,"column":65},"end":{"line":60,"column":2}},"29":{"start":{"line":48,"column":4},"end":{"line":59,"column":7}},"30":{"start":{"line":49,"column":19},"end":{"line":49,"column":61}},"31":{"start":{"line":51,"column":8},"end":{"line":54,"column":9}},"32":{"start":{"line":52,"column":10},"end":{"line":52,"column":60}},"33":{"start":{"line":53,"column":10},"end":{"line":53,"column":17}},"34":{"start":{"line":55,"column":8},"end":{"line":55,"column":23}},"35":{"start":{"line":57,"column":8},"end":{"line":57,"column":56}},"36":{"start":{"line":58,"column":8},"end":{"line":58,"column":27}},"37":{"start":{"line":47,"column":13},"end":{"line":47,"column":27}},"38":{"start":{"line":62,"column":26},"end":{"line":92,"column":2}},"39":{"start":{"line":62,"column":64},"end":{"line":92,"column":2}},"40":{"start":{"line":63,"column":2},"end":{"line":91,"column":3}},"41":{"start":{"line":64,"column":17},"end":{"line":64,"column":30}},"42":{"start":{"line":65,"column":6},"end":{"line":67,"column":5}},"43":{"start":{"line":66,"column":8},"end":{"line":66,"column":66}},"44":{"start":{"line":68,"column":19},"end":{"line":68,"column":35}},"45":{"start":{"line":70,"column":17},"end":{"line":70,"column":44}},"46":{"start":{"line":71,"column":6},"end":{"line":74,"column":7}},"47":{"start":{"line":72,"column":10},"end":{"line":72,"column":60}},"48":{"start":{"line":73,"column":10},"end":{"line":73,"column":17}},"49":{"start":{"line":75,"column":6},"end":{"line":77,"column":7}},"50":{"start":{"line":76,"column":10},"end":{"line":76,"column":38}},"51":{"start":{"line":78,"column":6},"end":{"line":80,"column":7}},"52":{"start":{"line":79,"column":10},"end":{"line":79,"column":42}},"53":{"start":{"line":81,"column":6},"end":{"line":85,"column":7}},"54":{"start":{"line":82,"column":23},"end":{"line":82,"column":47}},"55":{"start":{"line":83,"column":25},"end":{"line":83,"column":63}},"56":{"start":{"line":84,"column":10},"end":{"line":84,"column":42}},"57":{"start":{"line":86,"column":6},"end":{"line":86,"column":24}},"58":{"start":{"line":87,"column":6},"end":{"line":87,"column":75}},"59":{"start":{"line":89,"column":6},"end":{"line":89,"column":54}},"60":{"start":{"line":90,"column":6},"end":{"line":90,"column":25}},"61":{"start":{"line":62,"column":13},"end":{"line":62,"column":26}},"62":{"start":{"line":95,"column":26},"end":{"line":106,"column":2}},"63":{"start":{"line":95,"column":64},"end":{"line":106,"column":2}},"64":{"start":{"line":96,"column":4},"end":{"line":105,"column":7}},"65":{"start":{"line":97,"column":28},"end":{"line":97,"column":72}},"66":{"start":{"line":98,"column":8},"end":{"line":101,"column":9}},"67":{"start":{"line":99,"column":10},"end":{"line":99,"column":60}},"68":{"start":{"line":100,"column":10},"end":{"line":100,"column":17}},"69":{"start":{"line":102,"column":8},"end":{"line":102,"column":69}},"70":{"start":{"line":104,"column":8},"end":{"line":104,"column":56}},"71":{"start":{"line":95,"column":13},"end":{"line":95,"column":26}},"72":{"start":{"line":129,"column":29},"end":{"line":136,"column":2}},"73":{"start":{"line":129,"column":63},"end":{"line":136,"column":2}},"74":{"start":{"line":130,"column":2},"end":{"line":135,"column":3}},"75":{"start":{"line":131,"column":20},"end":{"line":131,"column":40}},"76":{"start":{"line":132,"column":4},"end":{"line":132,"column":23}},"77":{"start":{"line":134,"column":4},"end":{"line":134,"column":48}},"78":{"start":{"line":129,"column":13},"end":{"line":129,"column":29}},"79":{"start":{"line":138,"column":28},"end":{"line":151,"column":null}},"80":{"start":{"line":138,"column":63},"end":{"line":151,"column":null}},"81":{"start":{"line":139,"column":2},"end":{"line":150,"column":3}},"82":{"start":{"line":140,"column":20},"end":{"line":140,"column":64}},"83":{"start":{"line":141,"column":4},"end":{"line":147,"column":5}},"84":{"start":{"line":142,"column":6},"end":{"line":142,"column":58}},"85":{"start":{"line":143,"column":6},"end":{"line":143,"column":13}},"86":{"start":{"line":146,"column":4},"end":{"line":146,"column":68}},"87":{"start":{"line":149,"column":4},"end":{"line":149,"column":null}},"88":{"start":{"line":138,"column":13},"end":{"line":138,"column":28}},"89":{"start":{"line":152,"column":29},"end":{"line":165,"column":null}},"90":{"start":{"line":152,"column":64},"end":{"line":165,"column":null}},"91":{"start":{"line":153,"column":2},"end":{"line":164,"column":3}},"92":{"start":{"line":154,"column":20},"end":{"line":154,"column":62}},"93":{"start":{"line":155,"column":4},"end":{"line":161,"column":5}},"94":{"start":{"line":156,"column":6},"end":{"line":156,"column":58}},"95":{"start":{"line":157,"column":6},"end":{"line":157,"column":13}},"96":{"start":{"line":160,"column":4},"end":{"line":160,"column":22}},"97":{"start":{"line":163,"column":4},"end":{"line":163,"column":null}},"98":{"start":{"line":152,"column":13},"end":{"line":152,"column":29}},"99":{"start":{"line":167,"column":28},"end":{"line":202,"column":null}},"100":{"start":{"line":167,"column":62},"end":{"line":202,"column":null}},"101":{"start":{"line":168,"column":2},"end":{"line":200,"column":3}},"102":{"start":{"line":169,"column":17},"end":{"line":169,"column":30}},"103":{"start":{"line":170,"column":28},"end":{"line":170,"column":36}},"104":{"start":{"line":171,"column":1},"end":{"line":173,"column":2}},"105":{"start":{"line":172,"column":2},"end":{"line":172,"column":58}},"106":{"start":{"line":174,"column":13},"end":{"line":174,"column":40}},"107":{"start":{"line":175,"column":2},"end":{"line":178,"column":1}},"108":{"start":{"line":177,"column":2},"end":{"line":177,"column":52}},"109":{"start":{"line":180,"column":20},"end":{"line":184,"column":4}},"110":{"start":{"line":185,"column":2},"end":{"line":185,"column":34}},"111":{"start":{"line":186,"column":16},"end":{"line":186,"column":43}},"112":{"start":{"line":187,"column":2},"end":{"line":190,"column":3}},"113":{"start":{"line":188,"column":4},"end":{"line":188,"column":49}},"114":{"start":{"line":189,"column":4},"end":{"line":189,"column":11}},"115":{"start":{"line":191,"column":2},"end":{"line":191,"column":26}},"116":{"start":{"line":192,"column":2},"end":{"line":192,"column":21}},"117":{"start":{"line":193,"column":2},"end":{"line":196,"column":null}},"118":{"start":{"line":198,"column":4},"end":{"line":198,"column":23}},"119":{"start":{"line":199,"column":4},"end":{"line":199,"column":53}},"120":{"start":{"line":167,"column":13},"end":{"line":167,"column":28}},"121":{"start":{"line":203,"column":26},"end":{"line":206,"column":null}},"122":{"start":{"line":203,"column":60},"end":{"line":206,"column":null}},"123":{"start":{"line":204,"column":18},"end":{"line":204,"column":38}},"124":{"start":{"line":203,"column":13},"end":{"line":203,"column":26}},"125":{"start":{"line":207,"column":29},"end":{"line":225,"column":null}},"126":{"start":{"line":207,"column":63},"end":{"line":225,"column":null}},"127":{"start":{"line":208,"column":2},"end":{"line":223,"column":3}},"128":{"start":{"line":209,"column":20},"end":{"line":209,"column":62}},"129":{"start":{"line":210,"column":33},"end":{"line":210,"column":41}},"130":{"start":{"line":211,"column":2},"end":{"line":213,"column":3}},"131":{"start":{"line":212,"column":4},"end":{"line":212,"column":63}},"132":{"start":{"line":214,"column":2},"end":{"line":214,"column":33}},"133":{"start":{"line":214,"column":12},"end":{"line":214,"column":33}},"134":{"start":{"line":215,"column":2},"end":{"line":215,"column":30}},"135":{"start":{"line":215,"column":11},"end":{"line":215,"column":30}},"136":{"start":{"line":216,"column":2},"end":{"line":216,"column":40}},"137":{"start":{"line":216,"column":15},"end":{"line":216,"column":40}},"138":{"start":{"line":217,"column":4},"end":{"line":217,"column":20}},"139":{"start":{"line":219,"column":4},"end":{"line":219,"column":61}},"140":{"start":{"line":222,"column":4},"end":{"line":222,"column":null}},"141":{"start":{"line":207,"column":13},"end":{"line":207,"column":29}}},"fnMap":{"0":{"name":"(anonymous_8)","decl":{"start":{"line":9,"column":24},"end":{"line":9,"column":31}},"loc":{"start":{"line":9,"column":62},"end":{"line":16,"column":2}}},"1":{"name":"(anonymous_9)","decl":{"start":{"line":9,"column":62},"end":{"line":9,"column":null}},"loc":{"start":{"line":9,"column":62},"end":{"line":16,"column":1}}},"2":{"name":"(anonymous_10)","decl":{"start":{"line":18,"column":26},"end":{"line":18,"column":33}},"loc":{"start":{"line":18,"column":64},"end":{"line":45,"column":2}}},"3":{"name":"(anonymous_11)","decl":{"start":{"line":18,"column":64},"end":{"line":18,"column":null}},"loc":{"start":{"line":18,"column":64},"end":{"line":45,"column":1}}},"4":{"name":"(anonymous_12)","decl":{"start":{"line":47,"column":27},"end":{"line":47,"column":34}},"loc":{"start":{"line":47,"column":65},"end":{"line":60,"column":2}}},"5":{"name":"(anonymous_13)","decl":{"start":{"line":47,"column":65},"end":{"line":47,"column":null}},"loc":{"start":{"line":47,"column":65},"end":{"line":60,"column":1}}},"6":{"name":"(anonymous_14)","decl":{"start":{"line":62,"column":26},"end":{"line":62,"column":33}},"loc":{"start":{"line":62,"column":64},"end":{"line":92,"column":2}}},"7":{"name":"(anonymous_15)","decl":{"start":{"line":62,"column":64},"end":{"line":62,"column":null}},"loc":{"start":{"line":62,"column":64},"end":{"line":92,"column":1}}},"8":{"name":"(anonymous_16)","decl":{"start":{"line":95,"column":26},"end":{"line":95,"column":33}},"loc":{"start":{"line":95,"column":64},"end":{"line":106,"column":2}}},"9":{"name":"(anonymous_17)","decl":{"start":{"line":95,"column":64},"end":{"line":95,"column":null}},"loc":{"start":{"line":95,"column":64},"end":{"line":106,"column":1}}},"10":{"name":"(anonymous_18)","decl":{"start":{"line":129,"column":29},"end":{"line":129,"column":35}},"loc":{"start":{"line":129,"column":63},"end":{"line":136,"column":2}}},"11":{"name":"(anonymous_19)","decl":{"start":{"line":129,"column":63},"end":{"line":129,"column":null}},"loc":{"start":{"line":129,"column":63},"end":{"line":136,"column":1}}},"12":{"name":"(anonymous_20)","decl":{"start":{"line":138,"column":28},"end":{"line":138,"column":34}},"loc":{"start":{"line":138,"column":63},"end":{"line":151,"column":null}}},"13":{"name":"(anonymous_21)","decl":{"start":{"line":138,"column":63},"end":{"line":138,"column":null}},"loc":{"start":{"line":138,"column":63},"end":{"line":151,"column":1}}},"14":{"name":"(anonymous_22)","decl":{"start":{"line":152,"column":29},"end":{"line":152,"column":35}},"loc":{"start":{"line":152,"column":64},"end":{"line":165,"column":null}}},"15":{"name":"(anonymous_23)","decl":{"start":{"line":152,"column":64},"end":{"line":152,"column":null}},"loc":{"start":{"line":152,"column":64},"end":{"line":165,"column":1}}},"16":{"name":"(anonymous_24)","decl":{"start":{"line":167,"column":28},"end":{"line":167,"column":34}},"loc":{"start":{"line":167,"column":62},"end":{"line":202,"column":null}}},"17":{"name":"(anonymous_25)","decl":{"start":{"line":167,"column":62},"end":{"line":167,"column":null}},"loc":{"start":{"line":167,"column":62},"end":{"line":202,"column":1}}},"18":{"name":"(anonymous_26)","decl":{"start":{"line":203,"column":26},"end":{"line":203,"column":32}},"loc":{"start":{"line":203,"column":60},"end":{"line":206,"column":null}}},"19":{"name":"(anonymous_27)","decl":{"start":{"line":203,"column":60},"end":{"line":203,"column":null}},"loc":{"start":{"line":203,"column":60},"end":{"line":206,"column":1}}},"20":{"name":"(anonymous_28)","decl":{"start":{"line":207,"column":29},"end":{"line":207,"column":35}},"loc":{"start":{"line":207,"column":63},"end":{"line":225,"column":null}}},"21":{"name":"(anonymous_29)","decl":{"start":{"line":207,"column":63},"end":{"line":207,"column":null}},"loc":{"start":{"line":207,"column":63},"end":{"line":225,"column":1}}}},"branchMap":{"0":{"loc":{"start":{"line":20,"column":17},"end":{"line":20,"column":41}},"type":"cond-expr","locations":[{"start":{"line":20,"column":25},"end":{"line":20,"column":27}},{"start":{"line":20,"column":25},"end":{"line":20,"column":41}}]},"1":{"loc":{"start":{"line":20,"column":17},"end":{"line":20,"column":27}},"type":"binary-expr","locations":[{"start":{"line":20,"column":17},"end":{"line":20,"column":27}},{"start":{"line":20,"column":25},"end":{"line":20,"column":27}}]},"2":{"loc":{"start":{"line":34,"column":8},"end":{"line":37,"column":9}},"type":"if","locations":[{"start":{"line":34,"column":8},"end":{"line":37,"column":9}}]},"3":{"loc":{"start":{"line":51,"column":8},"end":{"line":54,"column":9}},"type":"if","locations":[{"start":{"line":51,"column":8},"end":{"line":54,"column":9}}]},"4":{"loc":{"start":{"line":65,"column":6},"end":{"line":67,"column":5}},"type":"if","locations":[{"start":{"line":65,"column":6},"end":{"line":67,"column":5}}]},"5":{"loc":{"start":{"line":71,"column":6},"end":{"line":74,"column":7}},"type":"if","locations":[{"start":{"line":71,"column":6},"end":{"line":74,"column":7}}]},"6":{"loc":{"start":{"line":75,"column":6},"end":{"line":77,"column":7}},"type":"if","locations":[{"start":{"line":75,"column":6},"end":{"line":77,"column":7}}]},"7":{"loc":{"start":{"line":78,"column":6},"end":{"line":80,"column":7}},"type":"if","locations":[{"start":{"line":78,"column":6},"end":{"line":80,"column":7}}]},"8":{"loc":{"start":{"line":81,"column":6},"end":{"line":85,"column":7}},"type":"if","locations":[{"start":{"line":81,"column":6},"end":{"line":85,"column":7}}]},"9":{"loc":{"start":{"line":81,"column":10},"end":{"line":81,"column":24}},"type":"cond-expr","locations":[{"start":{"line":81,"column":18},"end":{"line":81,"column":20}},{"start":{"line":81,"column":18},"end":{"line":81,"column":24}}]},"10":{"loc":{"start":{"line":81,"column":10},"end":{"line":81,"column":20}},"type":"binary-expr","locations":[{"start":{"line":81,"column":10},"end":{"line":81,"column":20}},{"start":{"line":81,"column":18},"end":{"line":81,"column":20}}]},"11":{"loc":{"start":{"line":82,"column":23},"end":{"line":82,"column":47}},"type":"cond-expr","locations":[{"start":{"line":82,"column":31},"end":{"line":82,"column":33}},{"start":{"line":82,"column":31},"end":{"line":82,"column":47}}]},"12":{"loc":{"start":{"line":82,"column":23},"end":{"line":82,"column":33}},"type":"binary-expr","locations":[{"start":{"line":82,"column":23},"end":{"line":82,"column":33}},{"start":{"line":82,"column":31},"end":{"line":82,"column":33}}]},"13":{"loc":{"start":{"line":84,"column":23},"end":{"line":84,"column":41}},"type":"cond-expr","locations":[{"start":{"line":84,"column":29},"end":{"line":84,"column":31}},{"start":{"line":84,"column":23},"end":{"line":84,"column":41}}]},"14":{"loc":{"start":{"line":84,"column":23},"end":{"line":84,"column":31}},"type":"binary-expr","locations":[{"start":{"line":84,"column":23},"end":{"line":84,"column":31}},{"start":{"line":84,"column":23},"end":{"line":84,"column":31}}]},"15":{"loc":{"start":{"line":98,"column":8},"end":{"line":101,"column":9}},"type":"if","locations":[{"start":{"line":98,"column":8},"end":{"line":101,"column":9}}]},"16":{"loc":{"start":{"line":141,"column":4},"end":{"line":147,"column":5}},"type":"if","locations":[{"start":{"line":141,"column":4},"end":{"line":147,"column":5}},{"start":{"line":145,"column":8},"end":{"line":147,"column":5}}]},"17":{"loc":{"start":{"line":155,"column":4},"end":{"line":161,"column":5}},"type":"if","locations":[{"start":{"line":155,"column":4},"end":{"line":161,"column":5}},{"start":{"line":159,"column":8},"end":{"line":161,"column":5}}]},"18":{"loc":{"start":{"line":171,"column":1},"end":{"line":173,"column":2}},"type":"if","locations":[{"start":{"line":171,"column":1},"end":{"line":173,"column":2}}]},"19":{"loc":{"start":{"line":171,"column":4},"end":{"line":171,"column":31}},"type":"binary-expr","locations":[{"start":{"line":171,"column":4},"end":{"line":171,"column":9}},{"start":{"line":171,"column":13},"end":{"line":171,"column":19}},{"start":{"line":171,"column":23},"end":{"line":171,"column":31}}]},"20":{"loc":{"start":{"line":175,"column":2},"end":{"line":178,"column":1}},"type":"if","locations":[{"start":{"line":175,"column":2},"end":{"line":178,"column":1}}]},"21":{"loc":{"start":{"line":185,"column":2},"end":{"line":185,"column":33}},"type":"cond-expr","locations":[{"start":{"line":185,"column":6},"end":{"line":185,"column":8}},{"start":{"line":185,"column":2},"end":{"line":185,"column":33}}]},"22":{"loc":{"start":{"line":185,"column":2},"end":{"line":185,"column":8}},"type":"binary-expr","locations":[{"start":{"line":185,"column":2},"end":{"line":185,"column":8}},{"start":{"line":185,"column":2},"end":{"line":185,"column":8}}]},"23":{"loc":{"start":{"line":187,"column":2},"end":{"line":190,"column":3}},"type":"if","locations":[{"start":{"line":187,"column":2},"end":{"line":190,"column":3}}]},"24":{"loc":{"start":{"line":192,"column":8},"end":{"line":192,"column":20}},"type":"cond-expr","locations":[{"start":{"line":192,"column":12},"end":{"line":192,"column":14}},{"start":{"line":192,"column":8},"end":{"line":192,"column":20}}]},"25":{"loc":{"start":{"line":192,"column":8},"end":{"line":192,"column":14}},"type":"binary-expr","locations":[{"start":{"line":192,"column":8},"end":{"line":192,"column":14}},{"start":{"line":192,"column":8},"end":{"line":192,"column":14}}]},"26":{"loc":{"start":{"line":211,"column":2},"end":{"line":213,"column":3}},"type":"if","locations":[{"start":{"line":211,"column":2},"end":{"line":213,"column":3}}]},"27":{"loc":{"start":{"line":214,"column":2},"end":{"line":214,"column":33}},"type":"if","locations":[{"start":{"line":214,"column":2},"end":{"line":214,"column":33}}]},"28":{"loc":{"start":{"line":215,"column":2},"end":{"line":215,"column":30}},"type":"if","locations":[{"start":{"line":215,"column":2},"end":{"line":215,"column":30}}]},"29":{"loc":{"start":{"line":216,"column":2},"end":{"line":216,"column":40}},"type":"if","locations":[{"start":{"line":216,"column":2},"end":{"line":216,"column":40}}]}},"s":{"0":1,"1":1,"2":1,"3":1,"4":1,"5":1,"6":1,"7":1,"8":1,"9":1,"10":0,"11":1,"12":1,"13":4,"14":4,"15":4,"16":4,"17":4,"18":4,"19":4,"20":3,"21":3,"22":1,"23":1,"24":0,"25":0,"26":1,"27":1,"28":1,"29":1,"30":1,"31":1,"32":0,"33":0,"34":1,"35":0,"36":0,"37":1,"38":1,"39":1,"40":1,"41":1,"42":1,"43":0,"44":1,"45":1,"46":1,"47":0,"48":0,"49":1,"50":1,"51":1,"52":0,"53":1,"54":0,"55":0,"56":0,"57":1,"58":1,"59":0,"60":0,"61":1,"62":1,"63":1,"64":1,"65":1,"66":1,"67":1,"68":1,"69":0,"70":0,"71":1,"72":1,"73":1,"74":1,"75":1,"76":1,"77":0,"78":1,"79":1,"80":0,"81":0,"82":0,"83":0,"84":0,"85":0,"86":0,"87":0,"88":1,"89":1,"90":2,"91":2,"92":2,"93":2,"94":1,"95":1,"96":1,"97":0,"98":1,"99":1,"100":2,"101":2,"102":2,"103":2,"104":2,"105":1,"106":1,"107":1,"108":0,"109":1,"110":1,"111":1,"112":1,"113":0,"114":0,"115":1,"116":1,"117":1,"118":0,"119":0,"120":1,"121":1,"122":0,"123":0,"124":1,"125":1,"126":2,"127":2,"128":2,"129":2,"130":2,"131":0,"132":2,"133":0,"134":2,"135":0,"136":2,"137":2,"138":2,"139":2,"140":0,"141":1},"f":{"0":1,"1":1,"2":4,"3":4,"4":1,"5":1,"6":1,"7":1,"8":1,"9":1,"10":1,"11":1,"12":0,"13":0,"14":2,"15":2,"16":2,"17":2,"18":0,"19":0,"20":2,"21":2},"b":{"0":[4,0],"1":[4,4],"2":[3],"3":[0],"4":[0],"5":[0],"6":[1],"7":[0],"8":[0],"9":[1,0],"10":[1,1],"11":[0,0],"12":[0,0],"13":[0,0],"14":[0,0],"15":[1],"16":[0,0],"17":[1,1],"18":[1],"19":[2,1,1],"20":[0],"21":[0,1],"22":[1,1],"23":[0],"24":[0,1],"25":[1,1],"26":[0],"27":[0],"28":[0],"29":[2]}}
,"D:\\Projects\\Andela\\Mybrand-BE\\src\\controller\\likeController.ts": {"path":"D:\\Projects\\Andela\\Mybrand-BE\\src\\controller\\likeController.ts","statementMap":{"0":{"start":{"line":4,"column":0},"end":{"line":4,"column":34}},"1":{"start":{"line":7,"column":22},"end":{"line":20,"column":2}},"2":{"start":{"line":7,"column":57},"end":{"line":20,"column":2}},"3":{"start":{"line":9,"column":18},"end":{"line":9,"column":31}},"4":{"start":{"line":10,"column":16},"end":{"line":10,"column":43}},"5":{"start":{"line":11,"column":4},"end":{"line":13,"column":5}},"6":{"start":{"line":12,"column":8},"end":{"line":12,"column":57}},"7":{"start":{"line":14,"column":4},"end":{"line":16,"column":5}},"8":{"start":{"line":15,"column":8},"end":{"line":15,"column":22}},"9":{"start":{"line":17,"column":4},"end":{"line":17,"column":23}},"10":{"start":{"line":18,"column":4},"end":{"line":18,"column":38}},"11":{"start":{"line":7,"column":13},"end":{"line":7,"column":22}},"12":{"start":{"line":21,"column":23},"end":{"line":24,"column":null}},"13":{"start":{"line":21,"column":58},"end":{"line":24,"column":null}},"14":{"start":{"line":22,"column":16},"end":{"line":22,"column":55}},"15":{"start":{"line":23,"column":4},"end":{"line":23,"column":34}},"16":{"start":{"line":21,"column":13},"end":{"line":21,"column":23}},"17":{"start":{"line":25,"column":25},"end":{"line":41,"column":null}},"18":{"start":{"line":25,"column":61},"end":{"line":41,"column":null}},"19":{"start":{"line":26,"column":4},"end":{"line":38,"column":5}},"20":{"start":{"line":27,"column":22},"end":{"line":27,"column":35}},"21":{"start":{"line":28,"column":20},"end":{"line":28,"column":47}},"22":{"start":{"line":29,"column":8},"end":{"line":33,"column":9}},"23":{"start":{"line":30,"column":12},"end":{"line":30,"column":25}},"24":{"start":{"line":31,"column":12},"end":{"line":31,"column":24}},"25":{"start":{"line":32,"column":12},"end":{"line":32,"column":48}},"26":{"start":{"line":37,"column":8},"end":{"line":37,"column":53}},"27":{"start":{"line":25,"column":13},"end":{"line":25,"column":25}}},"fnMap":{"0":{"name":"(anonymous_8)","decl":{"start":{"line":7,"column":22},"end":{"line":7,"column":28}},"loc":{"start":{"line":7,"column":57},"end":{"line":20,"column":2}}},"1":{"name":"(anonymous_9)","decl":{"start":{"line":7,"column":57},"end":{"line":7,"column":null}},"loc":{"start":{"line":7,"column":57},"end":{"line":20,"column":1}}},"2":{"name":"(anonymous_10)","decl":{"start":{"line":21,"column":23},"end":{"line":21,"column":29}},"loc":{"start":{"line":21,"column":58},"end":{"line":24,"column":null}}},"3":{"name":"(anonymous_11)","decl":{"start":{"line":21,"column":58},"end":{"line":21,"column":null}},"loc":{"start":{"line":21,"column":58},"end":{"line":24,"column":1}}},"4":{"name":"(anonymous_12)","decl":{"start":{"line":25,"column":25},"end":{"line":25,"column":31}},"loc":{"start":{"line":25,"column":61},"end":{"line":41,"column":null}}},"5":{"name":"(anonymous_13)","decl":{"start":{"line":25,"column":61},"end":{"line":25,"column":null}},"loc":{"start":{"line":25,"column":61},"end":{"line":41,"column":1}}}},"branchMap":{"0":{"loc":{"start":{"line":11,"column":4},"end":{"line":13,"column":5}},"type":"if","locations":[{"start":{"line":11,"column":4},"end":{"line":13,"column":5}}]},"1":{"loc":{"start":{"line":14,"column":4},"end":{"line":16,"column":5}},"type":"if","locations":[{"start":{"line":14,"column":4},"end":{"line":16,"column":5}}]},"2":{"loc":{"start":{"line":17,"column":10},"end":{"line":17,"column":22}},"type":"cond-expr","locations":[{"start":{"line":17,"column":14},"end":{"line":17,"column":16}},{"start":{"line":17,"column":10},"end":{"line":17,"column":22}}]},"3":{"loc":{"start":{"line":17,"column":10},"end":{"line":17,"column":16}},"type":"binary-expr","locations":[{"start":{"line":17,"column":10},"end":{"line":17,"column":16}},{"start":{"line":17,"column":10},"end":{"line":17,"column":16}}]},"4":{"loc":{"start":{"line":23,"column":20},"end":{"line":23,"column":31}},"type":"cond-expr","locations":[{"start":{"line":23,"column":24},"end":{"line":23,"column":26}},{"start":{"line":23,"column":20},"end":{"line":23,"column":31}}]},"5":{"loc":{"start":{"line":23,"column":20},"end":{"line":23,"column":26}},"type":"binary-expr","locations":[{"start":{"line":23,"column":20},"end":{"line":23,"column":26}},{"start":{"line":23,"column":20},"end":{"line":23,"column":26}}]},"6":{"loc":{"start":{"line":29,"column":8},"end":{"line":33,"column":9}},"type":"if","locations":[{"start":{"line":29,"column":8},"end":{"line":33,"column":9}}]}},"s":{"0":1,"1":1,"2":1,"3":1,"4":1,"5":1,"6":0,"7":1,"8":1,"9":1,"10":1,"11":1,"12":1,"13":1,"14":1,"15":1,"16":1,"17":1,"18":1,"19":1,"20":1,"21":1,"22":1,"23":1,"24":1,"25":1,"26":0,"27":1},"f":{"0":1,"1":1,"2":1,"3":1,"4":1,"5":1},"b":{"0":[0],"1":[1],"2":[0,1],"3":[1,1],"4":[0,1],"5":[1,1],"6":[1]}}
,"D:\\Projects\\Andela\\Mybrand-BE\\src\\controller\\queriesController.ts": {"path":"D:\\Projects\\Andela\\Mybrand-BE\\src\\controller\\queriesController.ts","statementMap":{"0":{"start":{"line":2,"column":0},"end":{"line":2,"column":40}},"1":{"start":{"line":3,"column":0},"end":{"line":3,"column":54}},"2":{"start":{"line":4,"column":26},"end":{"line":11,"column":2}},"3":{"start":{"line":4,"column":64},"end":{"line":11,"column":2}},"4":{"start":{"line":5,"column":4},"end":{"line":10,"column":7}},"5":{"start":{"line":6,"column":24},"end":{"line":6,"column":44}},"6":{"start":{"line":7,"column":8},"end":{"line":7,"column":26}},"7":{"start":{"line":9,"column":8},"end":{"line":9,"column":56}},"8":{"start":{"line":4,"column":13},"end":{"line":4,"column":26}},"9":{"start":{"line":13,"column":27},"end":{"line":31,"column":2}},"10":{"start":{"line":13,"column":65},"end":{"line":31,"column":2}},"11":{"start":{"line":14,"column":29},"end":{"line":14,"column":37}},"12":{"start":{"line":15,"column":4},"end":{"line":30,"column":7}},"13":{"start":{"line":16,"column":25},"end":{"line":20,"column":10}},"14":{"start":{"line":21,"column":22},"end":{"line":21,"column":47}},"15":{"start":{"line":22,"column":8},"end":{"line":25,"column":9}},"16":{"start":{"line":23,"column":10},"end":{"line":23,"column":56}},"17":{"start":{"line":24,"column":9},"end":{"line":24,"column":16}},"18":{"start":{"line":26,"column":8},"end":{"line":26,"column":30}},"19":{"start":{"line":27,"column":8},"end":{"line":27,"column":27}},"20":{"start":{"line":29,"column":8},"end":{"line":29,"column":59}},"21":{"start":{"line":13,"column":13},"end":{"line":13,"column":27}},"22":{"start":{"line":33,"column":28},"end":{"line":45,"column":2}},"23":{"start":{"line":33,"column":66},"end":{"line":45,"column":2}},"24":{"start":{"line":34,"column":4},"end":{"line":44,"column":7}},"25":{"start":{"line":35,"column":20},"end":{"line":35,"column":65}},"26":{"start":{"line":37,"column":8},"end":{"line":40,"column":9}},"27":{"start":{"line":38,"column":10},"end":{"line":38,"column":61}},"28":{"start":{"line":39,"column":10},"end":{"line":39,"column":17}},"29":{"start":{"line":41,"column":8},"end":{"line":41,"column":24}},"30":{"start":{"line":43,"column":8},"end":{"line":43,"column":56}},"31":{"start":{"line":33,"column":13},"end":{"line":33,"column":28}},"32":{"start":{"line":71,"column":27},"end":{"line":82,"column":2}},"33":{"start":{"line":71,"column":65},"end":{"line":82,"column":2}},"34":{"start":{"line":72,"column":4},"end":{"line":81,"column":7}},"35":{"start":{"line":73,"column":29},"end":{"line":73,"column":76}},"36":{"start":{"line":74,"column":8},"end":{"line":77,"column":9}},"37":{"start":{"line":75,"column":10},"end":{"line":75,"column":61}},"38":{"start":{"line":76,"column":10},"end":{"line":76,"column":17}},"39":{"start":{"line":78,"column":8},"end":{"line":78,"column":63}},"40":{"start":{"line":80,"column":8},"end":{"line":80,"column":56}},"41":{"start":{"line":71,"column":13},"end":{"line":71,"column":27}}},"fnMap":{"0":{"name":"(anonymous_8)","decl":{"start":{"line":4,"column":26},"end":{"line":4,"column":33}},"loc":{"start":{"line":4,"column":64},"end":{"line":11,"column":2}}},"1":{"name":"(anonymous_9)","decl":{"start":{"line":4,"column":64},"end":{"line":4,"column":null}},"loc":{"start":{"line":4,"column":64},"end":{"line":11,"column":1}}},"2":{"name":"(anonymous_10)","decl":{"start":{"line":13,"column":27},"end":{"line":13,"column":34}},"loc":{"start":{"line":13,"column":65},"end":{"line":31,"column":2}}},"3":{"name":"(anonymous_11)","decl":{"start":{"line":13,"column":65},"end":{"line":13,"column":null}},"loc":{"start":{"line":13,"column":65},"end":{"line":31,"column":1}}},"4":{"name":"(anonymous_12)","decl":{"start":{"line":33,"column":28},"end":{"line":33,"column":35}},"loc":{"start":{"line":33,"column":66},"end":{"line":45,"column":2}}},"5":{"name":"(anonymous_13)","decl":{"start":{"line":33,"column":66},"end":{"line":33,"column":null}},"loc":{"start":{"line":33,"column":66},"end":{"line":45,"column":1}}},"6":{"name":"(anonymous_14)","decl":{"start":{"line":71,"column":27},"end":{"line":71,"column":34}},"loc":{"start":{"line":71,"column":65},"end":{"line":82,"column":2}}},"7":{"name":"(anonymous_15)","decl":{"start":{"line":71,"column":65},"end":{"line":71,"column":null}},"loc":{"start":{"line":71,"column":65},"end":{"line":82,"column":1}}}},"branchMap":{"0":{"loc":{"start":{"line":22,"column":8},"end":{"line":25,"column":9}},"type":"if","locations":[{"start":{"line":22,"column":8},"end":{"line":25,"column":9}}]},"1":{"loc":{"start":{"line":37,"column":8},"end":{"line":40,"column":9}},"type":"if","locations":[{"start":{"line":37,"column":8},"end":{"line":40,"column":9}}]},"2":{"loc":{"start":{"line":74,"column":8},"end":{"line":77,"column":9}},"type":"if","locations":[{"start":{"line":74,"column":8},"end":{"line":77,"column":9}}]}},"s":{"0":1,"1":1,"2":1,"3":1,"4":1,"5":1,"6":1,"7":0,"8":1,"9":1,"10":2,"11":2,"12":2,"13":2,"14":2,"15":2,"16":1,"17":1,"18":1,"19":1,"20":0,"21":1,"22":1,"23":2,"24":2,"25":2,"26":2,"27":1,"28":1,"29":1,"30":0,"31":1,"32":1,"33":1,"34":1,"35":1,"36":1,"37":1,"38":1,"39":0,"40":0,"41":1},"f":{"0":1,"1":1,"2":2,"3":2,"4":2,"5":2,"6":1,"7":1},"b":{"0":[1],"1":[1],"2":[1]}}
,"D:\\Projects\\Andela\\Mybrand-BE\\src\\models\\Blog.ts": {"path":"D:\\Projects\\Andela\\Mybrand-BE\\src\\models\\Blog.ts","statementMap":{"0":{"start":{"line":1,"column":0},"end":{"line":1,"column":41}},"1":{"start":{"line":3,"column":0},"end":{"line":3,"column":42}},"2":{"start":{"line":5,"column":14},"end":{"line":11,"column":2}},"3":{"start":{"line":12,"column":11},"end":{"line":12,"column":40}},"4":{"start":{"line":13,"column":0},"end":{"line":13,"column":20}}},"fnMap":{},"branchMap":{},"s":{"0":1,"1":1,"2":1,"3":1,"4":1},"f":{},"b":{}}
,"D:\\Projects\\Andela\\Mybrand-BE\\src\\models\\Comment.ts": {"path":"D:\\Projects\\Andela\\Mybrand-BE\\src\\models\\Comment.ts","statementMap":{"0":{"start":{"line":1,"column":0},"end":{"line":1,"column":48}},"1":{"start":{"line":4,"column":13},"end":{"line":9,"column":3}},"2":{"start":{"line":10,"column":14},"end":{"line":10,"column":44}},"3":{"start":{"line":11,"column":0},"end":{"line":11,"column":23}}},"fnMap":{},"branchMap":{},"s":{"0":1,"1":1,"2":1,"3":1},"f":{},"b":{}}
,"D:\\Projects\\Andela\\Mybrand-BE\\src\\models\\Queries.ts": {"path":"D:\\Projects\\Andela\\Mybrand-BE\\src\\models\\Queries.ts","statementMap":{"0":{"start":{"line":1,"column":0},"end":{"line":1,"column":48}},"1":{"start":{"line":3,"column":19},"end":{"line":8,"column":2}},"2":{"start":{"line":9,"column":0},"end":{"line":9,"column":42}}},"fnMap":{},"branchMap":{},"s":{"0":1,"1":1,"2":1},"f":{},"b":{}}
,"D:\\Projects\\Andela\\Mybrand-BE\\src\\models\\User.ts": {"path":"D:\\Projects\\Andela\\Mybrand-BE\\src\\models\\User.ts","statementMap":{"0":{"start":{"line":1,"column":0},"end":{"line":1,"column":42}},"1":{"start":{"line":7,"column":18},"end":{"line":11,"column":2}},"2":{"start":{"line":13,"column":0},"end":{"line":13,"column":49}}},"fnMap":{},"branchMap":{},"s":{"0":1,"1":1,"2":1},"f":{},"b":{}}
,"D:\\Projects\\Andela\\Mybrand-BE\\src\\utils\\cloudinary.ts": {"path":"D:\\Projects\\Andela\\Mybrand-BE\\src\\utils\\cloudinary.ts","statementMap":{"0":{"start":{"line":1,"column":0},"end":{"line":1,"column":46}},"1":{"start":{"line":2,"column":0},"end":{"line":2,"column":28}},"2":{"start":{"line":4,"column":0},"end":{"line":4,"column":16}},"3":{"start":{"line":6,"column":0},"end":{"line":10,"column":3}},"4":{"start":{"line":12,"column":0},"end":{"line":12,"column":26}}},"fnMap":{},"branchMap":{"0":{"loc":{"start":{"line":7,"column":14},"end":{"line":7,"column":62}},"type":"binary-expr","locations":[{"start":{"line":7,"column":14},"end":{"line":7,"column":47}},{"start":{"line":7,"column":51},"end":{"line":7,"column":62}}]},"1":{"loc":{"start":{"line":8,"column":11},"end":{"line":8,"column":62}},"type":"binary-expr","locations":[{"start":{"line":8,"column":11},"end":{"line":8,"column":41}},{"start":{"line":8,"column":45},"end":{"line":8,"column":62}}]},"2":{"loc":{"start":{"line":9,"column":14},"end":{"line":9,"column":80}},"type":"binary-expr","locations":[{"start":{"line":9,"column":14},"end":{"line":9,"column":47}},{"start":{"line":9,"column":51},"end":{"line":9,"column":80}}]}},"s":{"0":1,"1":1,"2":1,"3":1,"4":1},"f":{},"b":{"0":[1,0],"1":[1,0],"2":[1,1]}}
,"D:\\Projects\\Andela\\Mybrand-BE\\src\\utils\\validation.ts": {"path":"D:\\Projects\\Andela\\Mybrand-BE\\src\\utils\\validation.ts","statementMap":{"0":{"start":{"line":1,"column":0},"end":{"line":1,"column":22}},"1":{"start":{"line":4,"column":30},"end":{"line":10,"column":1}},"2":{"start":{"line":5,"column":20},"end":{"line":8,"column":6}},"3":{"start":{"line":9,"column":4},"end":{"line":9,"column":34}},"4":{"start":{"line":4,"column":13},"end":{"line":4,"column":30}},"5":{"start":{"line":12,"column":28},"end":{"line":19,"column":1}},"6":{"start":{"line":13,"column":22},"end":{"line":17,"column":6}},"7":{"start":{"line":18,"column":4},"end":{"line":18,"column":37}},"8":{"start":{"line":12,"column":13},"end":{"line":12,"column":28}},"9":{"start":{"line":21,"column":31},"end":{"line":28,"column":1}},"10":{"start":{"line":22,"column":25},"end":{"line":26,"column":6}},"11":{"start":{"line":27,"column":4},"end":{"line":27,"column":43}},"12":{"start":{"line":21,"column":13},"end":{"line":21,"column":31}},"13":{"start":{"line":30,"column":29},"end":{"line":37,"column":1}},"14":{"start":{"line":31,"column":25},"end":{"line":35,"column":6}},"15":{"start":{"line":36,"column":4},"end":{"line":36,"column":41}},"16":{"start":{"line":30,"column":13},"end":{"line":30,"column":29}},"17":{"start":{"line":39,"column":13},"end":{"line":43,"column":null}}},"fnMap":{"0":{"name":"(anonymous_1)","decl":{"start":{"line":4,"column":30},"end":{"line":4,"column":31}},"loc":{"start":{"line":4,"column":71},"end":{"line":10,"column":1}}},"1":{"name":"(anonymous_2)","decl":{"start":{"line":12,"column":28},"end":{"line":12,"column":29}},"loc":{"start":{"line":12,"column":80},"end":{"line":19,"column":1}}},"2":{"name":"(anonymous_3)","decl":{"start":{"line":21,"column":31},"end":{"line":21,"column":32}},"loc":{"start":{"line":21,"column":86},"end":{"line":28,"column":1}}},"3":{"name":"(anonymous_4)","decl":{"start":{"line":30,"column":29},"end":{"line":30,"column":30}},"loc":{"start":{"line":30,"column":80},"end":{"line":37,"column":1}}}},"branchMap":{},"s":{"0":1,"1":1,"2":0,"3":0,"4":1,"5":1,"6":4,"7":4,"8":1,"9":1,"10":1,"11":1,"12":1,"13":1,"14":2,"15":2,"16":1,"17":1},"f":{"0":0,"1":4,"2":1,"3":2},"b":{}}
}
