TN:
SF:src\index.ts
FN:14,(anonymous_1)
FNF:1
FNH:1
FNDA:1,(anonymous_1)
DA:1,1
DA:2,1
DA:3,1
DA:5,1
DA:6,1
DA:7,1
DA:8,1
DA:9,1
DA:10,1
DA:11,1
DA:13,1
DA:14,1
DA:15,1
DA:19,0
DA:21,1
LF:15
LH:14
BRF:0
BRH:0
end_of_record
TN:
SF:src\routes.ts
FNF:0
FNH:0
DA:1,1
DA:3,1
DA:4,1
DA:5,1
DA:6,1
DA:7,1
DA:9,1
DA:10,1
DA:12,1
DA:14,1
DA:17,1
DA:19,1
DA:21,1
DA:23,1
DA:25,1
DA:27,1
DA:29,1
DA:31,1
DA:33,1
DA:35,1
DA:37,1
DA:39,1
DA:41,1
DA:43,1
DA:47,1
DA:49,1
DA:51,1
DA:53,1
DA:59,1
LF:29
LH:29
BRF:0
BRH:0
end_of_record
TN:
SF:src\authentication\login.ts
FN:49,(anonymous_14)
FN:49,(anonymous_15)
FN:70,(anonymous_16)
FN:70,(anonymous_17)
FN:96,(anonymous_18)
FN:96,(anonymous_19)
FNF:6
FNH:6
FNDA:1,(anonymous_14)
FNDA:1,(anonymous_15)
FNDA:3,(anonymous_16)
FNDA:3,(anonymous_17)
FNDA:1,(anonymous_18)
FNDA:1,(anonymous_19)
DA:1,1
DA:3,1
DA:8,1
DA:9,1
DA:49,1
DA:50,1
DA:51,1
DA:52,1
DA:53,1
DA:54,1
DA:56,1
DA:57,1
DA:59,1
DA:60,1
DA:65,1
DA:66,0
DA:67,0
DA:70,3
DA:71,3
DA:72,3
DA:74,3
DA:75,3
DA:76,3
DA:77,3
DA:78,2
DA:80,1
DA:81,1
DA:82,1
DA:83,1
DA:84,1
DA:85,1
DA:88,0
DA:89,0
DA:93,2
DA:96,1
DA:98,1
DA:99,1
LF:37
LH:33
BRDA:52,0,0,1
BRDA:57,1,0,0
BRDA:65,2,0,0
BRDA:75,3,0,2
BRDA:75,3,1,1
BRDA:75,4,0,3
BRDA:75,4,1,1
BRDA:76,5,0,2
BRDA:76,5,1,1
BRDA:76,6,0,3
BRDA:76,6,1,1
BRDA:77,7,0,2
BRDA:80,8,0,0
BRDA:80,8,1,1
BRDA:80,9,0,1
BRDA:80,9,1,1
BRDA:82,10,0,1
BRDA:82,10,1,0
BRF:18
BRH:14
end_of_record
TN:
SF:src\authentication\passport.ts
FN:12,(anonymous_1)
FN:15,(anonymous_2)
FN:22,(anonymous_3)
FNF:3
FNH:2
FNDA:7,(anonymous_1)
FNDA:7,(anonymous_2)
FNDA:0,(anonymous_3)
DA:1,1
DA:2,1
DA:3,1
DA:5,1
DA:7,1
DA:12,1
DA:14,7
DA:16,7
DA:17,7
DA:19,0
DA:23,0
DA:27,1
DA:29,1
LF:13
LH:11
BRDA:16,0,0,7
BRDA:16,0,1,0
BRF:2
BRH:1
end_of_record
TN:
SF:src\config\multer.ts
FN:6,(anonymous_1)
FN:10,(anonymous_2)
FNF:2
FNH:0
FNDA:0,(anonymous_1)
FNDA:0,(anonymous_2)
DA:1,1
DA:2,1
DA:7,0
DA:10,1
DA:11,0
DA:12,0
DA:14,0
DA:17,1
DA:22,1
LF:9
LH:5
BRDA:11,0,0,0
BRDA:11,0,1,0
BRDA:11,1,0,0
BRDA:11,1,1,0
BRF:4
BRH:0
end_of_record
TN:
SF:src\controller\controller.ts
FN:9,(anonymous_8)
FN:9,(anonymous_9)
FN:18,(anonymous_10)
FN:18,(anonymous_11)
FN:47,(anonymous_12)
FN:47,(anonymous_13)
FN:62,(anonymous_14)
FN:62,(anonymous_15)
FN:95,(anonymous_16)
FN:95,(anonymous_17)
FN:129,(anonymous_18)
FN:129,(anonymous_19)
FN:138,(anonymous_20)
FN:138,(anonymous_21)
FN:152,(anonymous_22)
FN:152,(anonymous_23)
FN:167,(anonymous_24)
FN:167,(anonymous_25)
FN:203,(anonymous_26)
FN:203,(anonymous_27)
FN:207,(anonymous_28)
FN:207,(anonymous_29)
FNF:22
FNH:18
FNDA:1,(anonymous_8)
FNDA:1,(anonymous_9)
FNDA:4,(anonymous_10)
FNDA:4,(anonymous_11)
FNDA:1,(anonymous_12)
FNDA:1,(anonymous_13)
FNDA:1,(anonymous_14)
FNDA:1,(anonymous_15)
FNDA:1,(anonymous_16)
FNDA:1,(anonymous_17)
FNDA:1,(anonymous_18)
FNDA:1,(anonymous_19)
FNDA:0,(anonymous_20)
FNDA:0,(anonymous_21)
FNDA:2,(anonymous_22)
FNDA:2,(anonymous_23)
FNDA:2,(anonymous_24)
FNDA:2,(anonymous_25)
FNDA:0,(anonymous_26)
FNDA:0,(anonymous_27)
FNDA:2,(anonymous_28)
FNDA:2,(anonymous_29)
DA:2,1
DA:3,1
DA:4,1
DA:6,1
DA:7,1
DA:9,1
DA:10,1
DA:11,1
DA:12,1
DA:14,0
DA:18,4
DA:19,4
DA:20,4
DA:22,4
DA:28,4
DA:33,4
DA:34,4
DA:35,3
DA:36,3
DA:38,1
DA:39,1
DA:42,0
DA:43,0
DA:47,1
DA:48,1
DA:49,1
DA:51,1
DA:52,0
DA:53,0
DA:55,1
DA:57,0
DA:58,0
DA:62,1
DA:63,1
DA:64,1
DA:65,1
DA:66,0
DA:68,1
DA:70,1
DA:71,1
DA:72,0
DA:73,0
DA:75,1
DA:76,1
DA:78,1
DA:79,0
DA:81,1
DA:82,0
DA:83,0
DA:84,0
DA:86,1
DA:87,1
DA:89,0
DA:90,0
DA:95,1
DA:96,1
DA:97,1
DA:98,1
DA:99,1
DA:100,1
DA:102,0
DA:104,0
DA:129,1
DA:130,1
DA:131,1
DA:132,1
DA:134,0
DA:138,1
DA:139,0
DA:140,0
DA:141,0
DA:142,0
DA:143,0
DA:146,0
DA:149,0
DA:152,2
DA:153,2
DA:154,2
DA:155,2
DA:156,1
DA:157,1
DA:160,1
DA:163,0
DA:167,2
DA:168,2
DA:169,2
DA:170,2
DA:171,2
DA:172,1
DA:174,1
DA:175,1
DA:177,0
DA:180,1
DA:185,1
DA:186,1
DA:187,1
DA:188,0
DA:189,0
DA:191,1
DA:192,1
DA:193,1
DA:198,0
DA:199,0
DA:203,1
DA:204,0
DA:207,2
DA:208,2
DA:209,2
DA:210,2
DA:211,2
DA:212,0
DA:214,2
DA:215,2
DA:216,2
DA:217,2
DA:219,2
DA:222,0
LF:117
LH:82
BRDA:20,0,0,4
BRDA:20,0,1,0
BRDA:20,1,0,4
BRDA:20,1,1,4
BRDA:34,2,0,3
BRDA:51,3,0,0
BRDA:65,4,0,0
BRDA:71,5,0,0
BRDA:75,6,0,1
BRDA:78,7,0,0
BRDA:81,8,0,0
BRDA:81,9,0,1
BRDA:81,9,1,0
BRDA:81,10,0,1
BRDA:81,10,1,1
BRDA:82,11,0,0
BRDA:82,11,1,0
BRDA:82,12,0,0
BRDA:82,12,1,0
BRDA:84,13,0,0
BRDA:84,13,1,0
BRDA:84,14,0,0
BRDA:84,14,1,0
BRDA:98,15,0,1
BRDA:141,16,0,0
BRDA:141,16,1,0
BRDA:155,17,0,1
BRDA:155,17,1,1
BRDA:171,18,0,1
BRDA:171,19,0,2
BRDA:171,19,1,1
BRDA:171,19,2,1
BRDA:175,20,0,0
BRDA:185,21,0,0
BRDA:185,21,1,1
BRDA:185,22,0,1
BRDA:185,22,1,1
BRDA:187,23,0,0
BRDA:192,24,0,0
BRDA:192,24,1,1
BRDA:192,25,0,1
BRDA:192,25,1,1
BRDA:211,26,0,0
BRDA:214,27,0,0
BRDA:215,28,0,0
BRDA:216,29,0,2
BRF:46
BRH:22
end_of_record
TN:
SF:src\controller\likeController.ts
FN:7,(anonymous_8)
FN:7,(anonymous_9)
FN:21,(anonymous_10)
FN:21,(anonymous_11)
FN:25,(anonymous_12)
FN:25,(anonymous_13)
FNF:6
FNH:6
FNDA:1,(anonymous_8)
FNDA:1,(anonymous_9)
FNDA:1,(anonymous_10)
FNDA:1,(anonymous_11)
FNDA:1,(anonymous_12)
FNDA:1,(anonymous_13)
DA:4,1
DA:7,1
DA:9,1
DA:10,1
DA:11,1
DA:12,0
DA:14,1
DA:15,1
DA:17,1
DA:18,1
DA:21,1
DA:22,1
DA:23,1
DA:25,1
DA:26,1
DA:27,1
DA:28,1
DA:29,1
DA:30,1
DA:31,1
DA:32,1
DA:37,0
LF:22
LH:20
BRDA:11,0,0,0
BRDA:14,1,0,1
BRDA:17,2,0,0
BRDA:17,2,1,1
BRDA:17,3,0,1
BRDA:17,3,1,1
BRDA:23,4,0,0
BRDA:23,4,1,1
BRDA:23,5,0,1
BRDA:23,5,1,1
BRDA:29,6,0,1
BRF:11
BRH:8
end_of_record
TN:
SF:src\controller\queriesController.ts
FN:4,(anonymous_8)
FN:4,(anonymous_9)
FN:13,(anonymous_10)
FN:13,(anonymous_11)
FN:33,(anonymous_12)
FN:33,(anonymous_13)
FN:71,(anonymous_14)
FN:71,(anonymous_15)
FNF:8
FNH:8
FNDA:1,(anonymous_8)
FNDA:1,(anonymous_9)
FNDA:2,(anonymous_10)
FNDA:2,(anonymous_11)
FNDA:2,(anonymous_12)
FNDA:2,(anonymous_13)
FNDA:1,(anonymous_14)
FNDA:1,(anonymous_15)
DA:2,1
DA:3,1
DA:4,1
DA:5,1
DA:6,1
DA:7,1
DA:9,0
DA:13,2
DA:14,2
DA:15,2
DA:16,2
DA:21,2
DA:22,2
DA:23,1
DA:24,1
DA:26,2
DA:27,1
DA:29,0
DA:33,2
DA:34,2
DA:35,2
DA:37,2
DA:38,1
DA:39,1
DA:41,1
DA:43,0
DA:71,1
DA:72,1
DA:73,1
DA:74,1
DA:75,1
DA:76,1
DA:78,0
DA:80,0
LF:34
LH:29
BRDA:22,0,0,1
BRDA:37,1,0,1
BRDA:74,2,0,1
BRF:3
BRH:3
end_of_record
TN:
SF:src\models\Blog.ts
FNF:0
FNH:0
DA:1,1
DA:3,1
DA:5,1
DA:12,1
DA:13,1
LF:5
LH:5
BRF:0
BRH:0
end_of_record
TN:
SF:src\models\Comment.ts
FNF:0
FNH:0
DA:1,1
DA:4,1
DA:10,1
DA:11,1
LF:4
LH:4
BRF:0
BRH:0
end_of_record
TN:
SF:src\models\Queries.ts
FNF:0
FNH:0
DA:1,1
DA:3,1
DA:9,1
LF:3
LH:3
BRF:0
BRH:0
end_of_record
TN:
SF:src\models\User.ts
FNF:0
FNH:0
DA:1,1
DA:7,1
DA:13,1
LF:3
LH:3
BRF:0
BRH:0
end_of_record
TN:
SF:src\utils\cloudinary.ts
FNF:0
FNH:0
DA:1,1
DA:2,1
DA:4,1
DA:6,1
DA:12,1
LF:5
LH:5
BRDA:7,0,0,1
BRDA:7,0,1,0
BRDA:8,1,0,1
BRDA:8,1,1,0
BRDA:9,2,0,1
BRDA:9,2,1,1
BRF:6
BRH:4
end_of_record
TN:
SF:src\utils\validation.ts
FN:4,(anonymous_1)
FN:12,(anonymous_2)
FN:21,(anonymous_3)
FN:30,(anonymous_4)
FNF:4
FNH:3
FNDA:0,(anonymous_1)
FNDA:4,(anonymous_2)
FNDA:1,(anonymous_3)
FNDA:2,(anonymous_4)
DA:1,1
DA:4,1
DA:5,0
DA:9,0
DA:12,1
DA:13,4
DA:18,4
DA:21,1
DA:22,1
DA:27,1
DA:30,1
DA:31,2
DA:36,2
DA:39,1
LF:14
LH:12
BRF:0
BRH:0
end_of_record
